[1.494s] Invoking command in '/home/pavan/ros2_ws/src/build/my_robot_controller': PYTHONPATH=/home/pavan/ros2_ws/src/build/my_robot_controller/prefix_override:/home/pavan/ros2_ws/src/install/my_robot_controller/lib/python3.10/site-packages:${PYTHONPATH} /usr/bin/python3 setup.py develop --editable --build-directory /home/pavan/ros2_ws/src/build/my_robot_controller/build --no-deps install_data
[1.761s] running develop
[2.050s] running egg_info
[2.051s] writing my_robot_controller.egg-info/PKG-INFO
[2.051s] writing dependency_links to my_robot_controller.egg-info/dependency_links.txt
[2.051s] writing entry points to my_robot_controller.egg-info/entry_points.txt
[2.051s] writing requirements to my_robot_controller.egg-info/requires.txt
[2.051s] writing top-level names to my_robot_controller.egg-info/top_level.txt
[2.055s] reading manifest file 'my_robot_controller.egg-info/SOURCES.txt'
[2.086s] writing manifest file 'my_robot_controller.egg-info/SOURCES.txt'
[2.089s] running build_ext
[2.089s] Creating /home/pavan/ros2_ws/src/install/my_robot_controller/lib/python3.10/site-packages/my-robot-controller.egg-link (link to .)
[2.090s] Installing draw_circle script to /home/pavan/ros2_ws/src/install/my_robot_controller/lib/my_robot_controller
[2.090s] Installing pose_subscriber script to /home/pavan/ros2_ws/src/install/my_robot_controller/lib/my_robot_controller
[2.090s] Installing test_node script to /home/pavan/ros2_ws/src/install/my_robot_controller/lib/my_robot_controller
[2.090s] Installing turtle_controller script to /home/pavan/ros2_ws/src/install/my_robot_controller/lib/my_robot_controller
[2.090s] 
[2.091s] Installed /home/pavan/ros2_ws/src/build/my_robot_controller
[2.091s] running install_data
[2.115s] Invoked command in '/home/pavan/ros2_ws/src/build/my_robot_controller' returned '0': PYTHONPATH=/home/pavan/ros2_ws/src/build/my_robot_controller/prefix_override:/home/pavan/ros2_ws/src/install/my_robot_controller/lib/python3.10/site-packages:${PYTHONPATH} /usr/bin/python3 setup.py develop --editable --build-directory /home/pavan/ros2_ws/src/build/my_robot_controller/build --no-deps install_data
